[17/09/2014 11:40:56] /i backpack
[17/09/2014 11:43:11] /i 11475
[17/09/2014 11:43:20] /reload actions
[17/09/2014 11:43:46] /i 1938
[17/09/2014 11:43:56] /i document
[17/09/2014 11:44:03] /i 1989
[17/09/2014 11:44:06] /i 1987
[17/09/2014 11:44:07] /i 19896
[17/09/2014 11:44:07] /i 19897
[17/09/2014 11:44:10] /i 1985
[17/09/2014 11:44:11] /i 1983
[17/09/2014 11:44:12] /i 1982
[17/09/2014 11:44:14] /i 1981
[17/09/2014 11:44:17] /i 1971
[17/09/2014 11:44:17] /i 1972
[17/09/2014 11:44:18] /i 1973
[17/09/2014 11:44:20] /i 1974
[17/09/2014 11:44:20] /i 1975
[17/09/2014 11:44:21] /i 197
[17/09/2014 11:44:21] /i 1977
[17/09/2014 11:44:22] /i 1978
[17/09/2014 11:44:22] /i 1979
[17/09/2014 11:44:25] /i 1960
[17/09/2014 11:44:25] /i 196
[17/09/2014 11:44:25] /i 1964
[17/09/2014 11:44:26] /i 1965
[17/09/2014 11:44:26] /i 19665
[17/09/2014 11:44:27] /i 1967
[17/09/2014 11:44:28] /i 1968
[17/09/2014 11:44:28] /i 1969
[17/09/2014 11:44:44] /reload actions
[17/09/2014 11:46:36] /reload actions
[17/09/2014 11:54:29] /reload actions
[17/09/2014 11:54:56] /reload actions
[17/09/2014 11:55:58] /reload actions
[17/09/2014 11:59:53] /reload actions
[17/09/2014 11:59:56] /i 11475
[17/09/2014 11:59:58] /i 11476
[17/09/2014 12:00:00] /i 11477
[17/09/2014 12:00:03] /i 11478
[17/09/2014 12:01:32] /newtype 780
[17/09/2014 12:01:35] /newtype 800
[17/09/2014 12:01:38] /newtype 802
[17/09/2014 12:01:39] /newtype 805
[17/09/2014 12:01:42] /newtype 810
[17/09/2014 12:01:48] /newtype 812
[17/09/2014 12:01:49] /newtype 813
[17/09/2014 12:01:49] /newtype 814
[17/09/2014 12:01:50] /newtype 81
[17/09/2014 12:01:50] /newtype 816
[17/09/2014 12:01:51] /newtype 817
[17/09/2014 12:01:52] /newtype 818
[17/09/2014 12:01:52] /newtype 819
[17/09/2014 12:01:56] /newtype 820
[17/09/2014 12:01:56] /newtype 821
[17/09/2014 12:01:56] /newtype 822
[17/09/2014 12:01:57] /newtype 82
[17/09/2014 12:01:57] /newtype 824
[17/09/2014 12:01:58] /newtype 825
[17/09/2014 12:01:58] /newtype 826
[17/09/2014 12:01:59] /newtype 827
[17/09/2014 12:02:01] /newtype 828
[17/09/2014 12:02:03] /newtype 829
[17/09/2014 12:02:09] /newtype 830
[17/09/2014 12:02:15] /newtype 8231
[17/09/2014 12:02:20] /newtype 831
[17/09/2014 12:02:23] /newtype 832
[17/09/2014 12:02:25] /newtype 833
[17/09/2014 12:02:27] /newtype 834
[17/09/2014 12:02:33] /newtype 835
[17/09/2014 12:02:35] /newtype 836
[17/09/2014 12:02:37] /newtype 837
[17/09/2014 12:22:08] /reload creaturescripts
[17/09/2014 12:26:31] /reload creaturescipst
[17/09/2014 12:26:34] /reload creaturescripts
[17/09/2014 12:27:39] /reload creaturescripts
[17/09/2014 12:44:59] /reload creaturescripts
[17/09/2014 12:48:01] /reload creaturescripts
[17/09/2014 12:59:15] /goto Sasori
