[04/10/2014 19:26:21] /down
[04/10/2014 19:26:24] /r
[04/10/2014 19:26:51] /newtype 315
[04/10/2014 19:26:52] /t
[04/10/2014 19:28:08] /i madara armor
[04/10/2014 19:28:11] /i madara legs
[04/10/2014 19:28:15] /i madara helmet
[04/10/2014 19:28:20] /i rinnegan mask
[04/10/2014 19:28:29] /i kurama chakra boots
[04/10/2014 19:28:40] /name
[04/10/2014 19:28:43] /name oketo
[04/10/2014 19:28:50] /name [god] b33ny 
[04/10/2014 19:28:55] /name [god] b33ny 
[04/10/2014 19:29:24] /name [PvP] Tobi,tobi
[04/10/2014 19:30:04] /a 3
[04/10/2014 19:30:04] /a 3
[04/10/2014 19:30:05] /a 3
[04/10/2014 19:30:06] /a 3
[04/10/2014 19:30:08] /up
[04/10/2014 19:30:53] /t
[04/10/2014 19:30:55] /i akatsuki ring
[04/10/2014 20:08:47] /reload vocations
[04/10/2014 20:08:53] /reload talkactions
[04/10/2014 20:08:59] /reload spells
[04/10/2014 20:09:14] /attr vocation, 420
[04/10/2014 20:09:18] /attr vocation, 420
[04/10/2014 20:09:24] /attr set vocation
[04/10/2014 20:09:26] /attr set vocation,420
[04/10/2014 20:09:57] /attr vocation
[04/10/2014 20:10:32] /reload vocations
[04/10/2014 20:11:31] /save
[04/10/2014 20:14:57] /attr vocation 420
[04/10/2014 20:14:59] /attr vocation 420
[04/10/2014 20:15:15] /addskill hinata,level,600
[04/10/2014 20:19:25] /reload spells
[04/10/2014 20:19:41] /reload spells
[04/10/2014 20:36:45] /reload spells
[04/10/2014 20:40:02] /r
[04/10/2014 20:40:05] /reload spells
[04/10/2014 20:40:10] /m training monk
[04/10/2014 20:43:35] /m nagato
[04/10/2014 20:45:55] /m nagato
[04/10/2014 20:54:06] /a
[04/10/2014 20:54:07] /a
[04/10/2014 20:54:19] /m madara
[04/10/2014 20:54:22] /m hashirama
[04/10/2014 20:54:24] /a 2
[04/10/2014 20:54:25] /a
[04/10/2014 20:54:27] /a 2
[04/10/2014 20:54:28] /a
[04/10/2014 20:54:29] /a 2
[04/10/2014 20:54:30] /a 2
[04/10/2014 20:54:30] /a
[04/10/2014 20:54:32] /a /2
[04/10/2014 20:54:33] /a 2
[04/10/2014 20:54:34] /a 
[04/10/2014 20:54:36] /a 2
[04/10/2014 20:54:37] /a 2
[04/10/2014 20:54:41] /i madara armor
[04/10/2014 20:54:45] /t
[04/10/2014 20:54:49] /newtype 320
[04/10/2014 20:54:52] /newtype 321
[04/10/2014 20:54:53] /newtype 325
[04/10/2014 20:54:54] /newtype 326
[04/10/2014 20:54:56] /newtype 327
[04/10/2014 20:55:01] /newtype 328
[04/10/2014 20:55:32] /addskill [god] b33ny,level,1000000000000
[04/10/2014 20:55:36] /addskill [god] b33ny,level,1
[04/10/2014 20:55:39] /addskill [god] b33ny,level,19
[04/10/2014 20:55:41] /addskill [god] b33ny,level,100
[04/10/2014 20:55:42] /addskill [god] b33ny,level,1000
[04/10/2014 20:55:43] /addskill [god] b33ny,level,10000
[04/10/2014 20:55:45] /addskill [god] b33ny,level,100000
[04/10/2014 20:55:46] /addskill [god] b33ny,level,1000000
[04/10/2014 20:56:14] /t
[04/10/2014 20:57:06] /newtype 65
[04/10/2014 20:57:07] /newtype 654
[04/10/2014 20:57:09] /newtype 656
[04/10/2014 20:57:10] /newtype 657
[04/10/2014 20:57:11] /newtype 658
[04/10/2014 20:57:14] /m event zetsu
[12/10/2014 02:09:58] /m itachi
[12/10/2014 02:10:01] /m kankuro
[12/10/2014 02:10:03] /m kabuto
[12/10/2014 02:10:07] /m kabuto
[12/10/2014 02:10:08] /m kabuto
[12/10/2014 02:10:08] /m kabuto
[12/10/2014 02:10:09] /m kabuto
[12/10/2014 02:10:11] /m kabuto
[12/10/2014 02:10:11] /m zetsu
[12/10/2014 02:10:13] /m madara
[12/10/2014 02:10:14] /a
[12/10/2014 02:10:18] /m madara
[12/10/2014 02:10:20] /m hashirama
[12/10/2014 02:10:23] /m obito
[12/10/2014 02:10:26] /m nagato
[22/10/2014 12:00:09] /newtype 751
[22/10/2014 12:00:11] /newtype 752
[22/10/2014 12:00:13] /newtype 760
[22/10/2014 12:00:17] /newtype 54
[22/10/2014 12:00:19] /newtype 540
[22/10/2014 12:00:21] /newtype 540
[22/10/2014 12:02:34] /a 50
[22/10/2014 12:02:35] /a 50
[22/10/2014 12:02:38] /a 50
[22/10/2014 12:02:39] /a 50
[22/10/2014 12:02:41] /a 50
[22/10/2014 12:02:42] /a 50
[22/10/2014 12:02:45] /t
