[03/09/2014 06:44:05] /reload spells
[03/09/2014 06:44:49] /reload spells
[03/09/2014 06:46:02] /reload spells
[03/09/2014 12:08:58] /goto hidan
[03/09/2014 12:09:00] /s sasori
[03/09/2014 12:09:55] /reload spells
[03/09/2014 12:10:54] /reload spells
[03/09/2014 12:12:17] /reload spells
[03/09/2014 12:13:18] /reload spells
[03/09/2014 12:13:37] /reload spells
[03/09/2014 12:14:18] /reload spelsl
[03/09/2014 12:14:38] /reload spells
[03/09/2014 12:14:48] /reload spells
[03/09/2014 12:16:19] /reload spells
[03/09/2014 12:17:26] /reload spells
[03/09/2014 12:20:13] /reload spells
[03/09/2014 12:20:28] /reload spells
[03/09/2014 12:21:31] /reload spell
[03/09/2014 12:23:02] /reload spells
[03/09/2014 12:23:14] /reload spells
[03/09/2014 12:23:24] /reload spells
[03/09/2014 12:23:36] /reload spells
[03/09/2014 12:24:40] /reload spells
[03/09/2014 13:31:15] /t
[03/09/2014 13:32:50] /reload actions
[03/09/2014 13:33:15] /reload actions
[03/09/2014 13:33:25] /i 2160
[04/09/2014 10:19:18] /t
[04/09/2014 11:33:03] /reload globalevents
[04/09/2014 12:05:23] /m rat
[04/09/2014 12:05:29] /m event zetsu
[04/09/2014 12:05:29] /m event zetsu
[04/09/2014 12:05:30] /m event zetsu
[04/09/2014 12:05:36] /m zetsu event
[04/09/2014 12:05:36] /m zetsu event
[04/09/2014 12:06:39] /reload monsters
[04/09/2014 12:06:43] /m event zetsu
[04/09/2014 12:06:44] /m event zetsu
[04/09/2014 12:06:49] /m event zetsu
[04/09/2014 12:06:49] /m event zetsu
[04/09/2014 12:06:50] /m event zetsu
[04/09/2014 12:06:50] /m event zetsu
[04/09/2014 12:06:50] /m event zetsu
[04/09/2014 12:06:50] /m event zetsu
[04/09/2014 12:06:51] /m event zetsu
[04/09/2014 12:06:51] /m event zetsu
[04/09/2014 12:06:51] /m event zetsu
[04/09/2014 12:06:51] /m event zetsu
[04/09/2014 12:06:51] /m event zetsu
[04/09/2014 12:06:52] /m event zetsu
[04/09/2014 12:06:52] /m event zetsu
[04/09/2014 12:06:52] /m event zetsu
[04/09/2014 12:06:52] /m event zetsu
[04/09/2014 12:06:52] /m event zetsu
[04/09/2014 12:06:53] /m event zetsu
[04/09/2014 12:06:53] /m event zetsu
[04/09/2014 12:06:53] /m event zetsu
[04/09/2014 12:06:53] /m event zetsu
[04/09/2014 12:06:54] /m event zetsu
[04/09/2014 12:06:54] /m event zetsu
[04/09/2014 12:06:54] /m event zetsu
[04/09/2014 12:06:54] /m event zetsu
[04/09/2014 12:06:54] /m event zetsu
[04/09/2014 12:06:55] /m event zetsu
[04/09/2014 12:06:56] /m event zetsu
[04/09/2014 12:06:56] /m event zetsu
[04/09/2014 12:06:56] /m event zetsu
[04/09/2014 12:06:57] /m event zetsu
[04/09/2014 12:06:58] /a 5
[04/09/2014 12:06:59] /m event zetsu
[04/09/2014 12:06:59] /m event zetsu
[04/09/2014 12:07:00] /m event zetsu
[04/09/2014 12:07:00] /m event zetsu
[04/09/2014 12:07:00] /m event zetsu
[04/09/2014 12:07:00] /m event zetsu
[04/09/2014 12:07:01] /m event zetsu
[04/09/2014 12:07:01] /m event zetsu
[04/09/2014 12:07:04] /m event zetsu
[04/09/2014 12:07:04] /m event zetsu
[04/09/2014 12:07:05] /m event zetsu
[04/09/2014 12:07:05] /m event zetsu
[04/09/2014 12:07:05] /m event zetsu
[04/09/2014 12:07:06] /m event zetsu
[04/09/2014 12:07:06] /m event zetsu
[04/09/2014 12:07:06] /m event zetsu
[04/09/2014 12:07:12] /m event zetsu
[04/09/2014 12:07:12] /m event zetsu
[04/09/2014 12:07:13] /m event zetsu
[04/09/2014 12:07:13] /m event zetsu
[04/09/2014 12:07:13] /m event zetsu
[04/09/2014 12:07:13] /m event zetsu
[04/09/2014 12:07:14] /m event zetsu
[04/09/2014 12:07:15] /m event zetsu
[04/09/2014 12:07:15] /m event zetsu
[04/09/2014 12:07:15] /m event zetsu
[04/09/2014 12:07:15] /m event zetsu
[04/09/2014 12:07:16] /m event zetsu
[04/09/2014 12:07:16] /m event zetsu
[04/09/2014 12:07:16] /m event zetsu
[04/09/2014 12:07:17] /m event zetsu
[04/09/2014 12:07:17] /m event zetsu
[04/09/2014 12:07:23] /m event zetsu
[04/09/2014 12:07:23] /m event zetsu
[04/09/2014 12:07:23] /m event zetsu
[04/09/2014 12:07:24] /m event zetsu
[04/09/2014 12:07:24] /m event zetsu
[04/09/2014 12:07:24] /m event zetsu
[04/09/2014 12:07:25] /m event zetsu
[04/09/2014 12:07:25] /m event zetsu
[04/09/2014 12:07:25] /m event zetsu
[05/09/2014 16:54:12] /a 5
[05/09/2014 19:34:31] /reload talkactions
[05/09/2014 19:34:54] /goto Sasori
[05/09/2014 19:35:09] /addskill Balzer,level,5000
[05/09/2014 19:35:22] /goto deidara
[05/09/2014 19:35:40] /goto Kakuzu
[05/09/2014 19:35:49] /goto Hidan
[05/09/2014 19:35:59] /goto kisame
[05/09/2014 19:36:09] /goto Itachi
[05/09/2014 19:36:26] /down
[05/09/2014 19:36:32] /s itachi
[05/09/2014 19:37:20] /reload monsters
[05/09/2014 19:38:10] /s obito
[05/09/2014 19:39:39] /reload creaturescripts
[05/09/2014 19:39:40] /a 5
[05/09/2014 19:39:44] /m madara
[05/09/2014 19:41:48] /goto madara
[05/09/2014 19:44:14] /reload actions
[06/09/2014 11:29:10] /n vocations
[06/09/2014 11:29:39] /reload npcs
[06/09/2014 11:29:42] /n vocations
[06/09/2014 11:29:46] /i 11471
[06/09/2014 11:30:11] /m event zetsu
[06/09/2014 11:30:11] /m event zetsu
[06/09/2014 11:30:12] /m event zetsu
[06/09/2014 11:30:12] /m event zetsu
[06/09/2014 11:30:13] /m event zetsu/m event zetsu
[06/09/2014 11:30:13] /m event zetsu
[06/09/2014 11:30:13] /m event zetsu
[06/09/2014 11:30:14] /m event zetsu
[06/09/2014 11:30:14] /m event zetsu
[06/09/2014 11:30:14] /m event zetsu
[06/09/2014 11:30:14] /m event zetsu
[06/09/2014 11:30:15] /m event zetsu
[06/09/2014 11:30:15] /m event zetsu
[06/09/2014 11:30:15] /m event zetsu
[06/09/2014 11:30:16] /m event zetsu
[06/09/2014 11:30:16] /m event zetsu
[06/09/2014 11:31:17] /m eventu zetsu
[06/09/2014 11:31:18] /m eventu zetsu
[06/09/2014 11:31:18] /m eventu zetsu
[06/09/2014 11:31:18] /m eventu zetsu
[06/09/2014 11:31:19] /m eventu zetsu
[06/09/2014 11:31:19] /m eventu zetsu
[06/09/2014 11:31:24] /m event zetsu
[06/09/2014 11:31:24] /m event zetsu
[06/09/2014 11:31:24] /m event zetsu
[06/09/2014 11:31:26] /m event zetsu
[06/09/2014 11:31:26] /m event zetsu
[06/09/2014 11:31:27] /m event zetsu
[06/09/2014 11:31:28] /m event zetsu
[06/09/2014 11:31:29] /m event zetsu
[06/09/2014 11:31:30] /m event zetsu/m event zetsu
[06/09/2014 11:31:30] /m event zetsu
[06/09/2014 11:31:30] /m event zetsu
[06/09/2014 11:31:31] /m event zetsu
[06/09/2014 11:31:31] /m event zetsu
[06/09/2014 11:31:32] /m event zetsu
[06/09/2014 11:31:32] /m event zetsu
[06/09/2014 11:31:33] /m event zetsu
[06/09/2014 11:31:33] /m event zetsu
[06/09/2014 11:31:33] /m event zetsu
[06/09/2014 11:31:33] /m event zetsu
[06/09/2014 11:31:34] /m event zetsu
[06/09/2014 11:31:34] /m event zetsu
[06/09/2014 11:31:35] /m event zetsu
[06/09/2014 11:31:36] /m event zetsu
[06/09/2014 11:31:36] /m event zetsu
[06/09/2014 11:31:36] /m event zetsu
[06/09/2014 11:32:43] /reload spells
[06/09/2014 11:33:08] /reload pells
[06/09/2014 11:33:10] /reload spells
[06/09/2014 11:34:20] /m event zetsu
[06/09/2014 11:34:20] /m event zetsu
[06/09/2014 11:34:21] /m event zetsu
[06/09/2014 11:34:21] /m event zetsu
[06/09/2014 11:34:21] /m event zetsu
[06/09/2014 11:34:21] /m event zetsu
[06/09/2014 11:34:22] /m event zetsu
[06/09/2014 11:34:22] /m event zetsu
[06/09/2014 11:34:22] /m event zetsu
[06/09/2014 11:34:22] /m event zetsu
[06/09/2014 11:34:23] /m event zetsu
[06/09/2014 11:34:23] /m event zetsu
[06/09/2014 11:34:23] /m event zetsu
[06/09/2014 11:34:24] /m event zetsu
[06/09/2014 11:34:24] /m event zetsu
[06/09/2014 11:34:24] /m event zetsu
[06/09/2014 11:34:24] /m event zetsu
[06/09/2014 11:34:25] /m event zetsu
[06/09/2014 11:35:21] /reload spells
[06/09/2014 11:36:33] /m training monk
[06/09/2014 11:36:50] /reload spells
[06/09/2014 11:37:59] /reload spells
[06/09/2014 11:38:19] /reload spells
[06/09/2014 11:40:28] /reload spells
[06/09/2014 11:40:47] /i kyuubi chakra coat
[06/09/2014 11:40:52] /i kyuubi chakra coat
[06/09/2014 11:40:57] /i kyuubi chakra boots
[06/09/2014 11:41:05] /i armors
[06/09/2014 11:41:07] /n armors
[06/09/2014 11:43:10] /reload spells
[06/09/2014 12:12:23] /a 5
[06/09/2014 12:12:24] /a 5
[06/09/2014 12:12:24] /a 5
[06/09/2014 12:12:34] /t
[06/09/2014 12:12:35] /a 50
[06/09/2014 12:12:37] /down
[06/09/2014 12:12:37] /a 50
[06/09/2014 12:12:38] /a 50
[06/09/2014 12:12:39] /a 50
[06/09/2014 12:12:41] /a 50
[06/09/2014 12:12:49] /a 5
[06/09/2014 12:12:50] /a 5
[06/09/2014 12:12:52] /a 5
[06/09/2014 12:12:52] /a 5
[06/09/2014 12:12:53] /a 5
[06/09/2014 12:12:53] /a 5
[06/09/2014 12:12:54] /a 5
[06/09/2014 12:12:55] /a 50
[06/09/2014 12:12:56] /a 50
[06/09/2014 12:18:22] /reload monsters
[06/09/2014 12:18:30] /m training monk
[06/09/2014 12:19:33] /reload monsters
[06/09/2014 12:22:19] /reload monsters
[06/09/2014 12:26:03] /reload monsetrs
[06/09/2014 12:26:09] /reload monsters
[06/09/2014 12:26:11] /reload spells
[06/09/2014 12:26:32] /r
[06/09/2014 12:26:33] /r
[06/09/2014 12:26:36] /r
[06/09/2014 12:26:36] /r
[06/09/2014 12:26:37] /r
[06/09/2014 12:26:40] /a 5
[06/09/2014 12:26:40] /a 5
[06/09/2014 12:26:51] /m training monk
[06/09/2014 12:28:01] /reload spells
[06/09/2014 12:28:03] /reload monsters
[07/09/2014 10:12:47] /i madara armor
[07/09/2014 10:54:46] /i gumbai sword
[07/09/2014 10:54:53] /m training monk
[07/09/2014 10:56:14] /reload weapons
[07/09/2014 10:56:21] /m training monk
[07/09/2014 10:58:56] /addskill Balsdo,level,652
[07/09/2014 11:00:36] /reload weapons
[07/09/2014 11:01:54] /reload weapons
[07/09/2014 11:02:28] /m training monk
[07/09/2014 11:02:30] /i gumbai sword
[07/09/2014 11:04:08] /i gumbai sword
[07/09/2014 11:04:11] /m training monk
[07/09/2014 11:04:53] /i madara legs
[07/09/2014 11:05:04] /i akatsuki sandals
[07/09/2014 11:11:40] /i susanoo gloves
[07/09/2014 11:11:46] /m training monk
[07/09/2014 11:12:37] /reload spells
[07/09/2014 11:12:40] /reload weapons
[07/09/2014 11:13:03] /i gumbai sword
[07/09/2014 11:48:07] /reload spells
[07/09/2014 11:49:19] /addskill Obito,level, 562
[07/09/2014 11:49:32] /reload talkactions
[07/09/2014 11:50:02] /attr vocation 310
[07/09/2014 11:50:14] /attr vocation 320
[07/09/2014 11:50:17] /reload talkactions
[07/09/2014 11:50:20] /attr vocation 310
[07/09/2014 11:51:51] /reload spells
[07/09/2014 11:52:09] /reload spells
[07/09/2014 11:53:07] /i 11470
[07/09/2014 11:53:10] /i rinnegan mask
[07/09/2014 11:53:12] /i madara armor
[07/09/2014 11:53:15] /i madara legs
[07/09/2014 11:53:18] /i akatsuki sandals
[07/09/2014 11:54:32] /reload spells
[07/09/2014 11:55:15] /reload spells
[07/09/2014 11:55:54] /addskill Obito,level,60
[08/09/2014 14:05:29] /addskill Obito,magic,10
[08/09/2014 14:05:35] /addskill Obito,magic,10
[08/09/2014 14:05:36] /addskill Obito,magic,10
[08/09/2014 14:05:36] /addskill Obito,magic,10
[08/09/2014 14:05:37] /addskill Obito,magic,10
[08/09/2014 14:05:40] /addskill Obito,magic,10
[08/09/2014 14:05:40] /addskill Obito,magic,10
[08/09/2014 14:05:41] /addskill Obito,magic,10
[08/09/2014 14:05:41] /addskill Obito,magic,10
[08/09/2014 14:05:41] /addskill Obito,magic,10
[08/09/2014 14:05:42] /addskill Obito,magic,10
[08/09/2014 14:05:42] /addskill Obito,magic,10
[08/09/2014 14:05:42] /addskill Obito,magic,10
[08/09/2014 14:05:43] /addskill Obito,magic,10
[08/09/2014 14:05:45] /addskill Obito,magic,10
[08/09/2014 14:05:46] /addskill Obito,magic,10
[08/09/2014 14:05:46] /addskill Obito,magic,10
[08/09/2014 14:05:47] /addskill Obito,magic,10
[08/09/2014 14:05:47] /addskill Obito,magic,10
[08/09/2014 14:05:47] /addskill Obito,magic,10
[08/09/2014 14:05:48] /addskill Obito,magic,10
[08/09/2014 14:06:30] /reload spells
[08/09/2014 14:06:46] /reload spells
[08/09/2014 14:09:22] /reload spells
[08/09/2014 14:09:41] /reload spells
[08/09/2014 14:10:00] /reload spells
[08/09/2014 14:11:12] /reload spells
[08/09/2014 14:11:31] /reload spells
[08/09/2014 14:11:45] /reload spells
[08/09/2014 14:11:59] /reload spells
[08/09/2014 14:12:15] /reload spells
[08/09/2014 14:12:28] /reload spells
[08/09/2014 17:02:23] /i premium points
[08/09/2014 17:02:26] /i premium point
[08/09/2014 17:03:12] /reload talkactions
[09/09/2014 18:46:54] /reload spells
[13/09/2014 15:50:49] /addskill Kabuto,level,600
[13/09/2014 15:51:21] /m training monk
[13/09/2014 15:52:54] /r
[13/09/2014 15:53:14] /attr vocation 360
[13/09/2014 15:53:16] /attr vocation 350
[13/09/2014 15:53:19] /attr vocation 340
[13/09/2014 15:53:21] /attr vocation 330
[13/09/2014 15:53:23] /attr vocation 310
[13/09/2014 15:53:25] /attr vocation 300
[13/09/2014 15:54:41] /goto massacry
[13/09/2014 15:54:42] /goto massacry
[13/09/2014 15:54:43] /goto massacry
[13/09/2014 15:54:43] /goto massacry
[13/09/2014 15:54:43] /goto massacry
[13/09/2014 15:59:21] /attr vocation 280
[13/09/2014 16:14:14] /reload spells
[13/09/2014 16:15:07] /reload spells
[13/09/2014 16:15:17] /reload spells
[13/09/2014 16:19:47] /reload spells
[13/09/2014 16:20:52] /reload monsters
[13/09/2014 16:46:09] /reload spells
[13/09/2014 16:46:51] /reload spells
[13/09/2014 16:47:11] /reload spells
[13/09/2014 16:47:31] /reload spells
[13/09/2014 16:47:48] /reload spells
[13/09/2014 16:48:16] /reload spells
[13/09/2014 16:48:30] /reload spells
[13/09/2014 16:48:40] /reload spells
[13/09/2014 17:28:47] /reload monsters
[13/09/2014 17:28:56] /reload spells
[13/09/2014 17:30:12] /reload spells
[13/09/2014 17:30:29] /reload monsters
[13/09/2014 17:30:42] /reload monsters
[14/09/2014 08:55:23] /reload spells
[14/09/2014 08:55:45] /reload spells
[14/09/2014 08:56:26] /reload spells
[14/09/2014 08:57:24] /c Training monk
[14/09/2014 08:58:02] /reload spells
[14/09/2014 09:00:12] /reload spells
[14/09/2014 09:00:24] /reload spells
[14/09/2014 09:00:32] /reload spells
[14/09/2014 09:00:42] /reload spells
[14/09/2014 09:00:51] /reload spells
[14/09/2014 14:04:00] /i kato element
[14/09/2014 14:04:03] /i katon element
[14/09/2014 14:04:13] /i suiton element
[14/09/2014 14:04:17] /i raiton element
[14/09/2014 14:04:19] /i doton element
[14/09/2014 14:04:23] /i fuuton element
[14/09/2014 14:10:26] /i katon element
[14/09/2014 14:10:29] /i suiton element
[14/09/2014 14:21:11] /t
[14/09/2014 14:21:17] /m training monk
[14/09/2014 14:21:21] /m training monk
[14/09/2014 14:21:55] /i katon element
[14/09/2014 14:21:58] /i suito element
[14/09/2014 14:22:02] /i suiton element
[14/09/2014 14:22:06] /i raiton element
[14/09/2014 14:22:10] /i fuuton element
[14/09/2014 14:22:15] /i doton element
[14/09/2014 14:24:18] /reload monsters
[14/09/2014 14:31:16] /attr vocation 340
[14/09/2014 14:32:35] /reload talkactions
[14/09/2014 14:32:38] /attr vocation 340
[15/09/2014 08:30:18] /a 2
[15/09/2014 08:34:16] /t
[15/09/2014 08:34:26] /a 20
[15/09/2014 08:34:26] /a 20
[15/09/2014 08:34:27] /a 20
[15/09/2014 08:34:27] /a 20
[15/09/2014 08:34:28] /a 20
[15/09/2014 08:34:28] /a 20
[15/09/2014 08:34:29] /a 20
[15/09/2014 08:34:29] /a 20
[15/09/2014 08:34:31] /a 20
[15/09/2014 08:34:31] /a 20
[15/09/2014 08:34:32] /a 20
[15/09/2014 08:34:33] /a 20
[15/09/2014 08:34:33] /a 20
[15/09/2014 08:34:33] /a 20
[15/09/2014 08:34:34] /a 20
[15/09/2014 08:34:34] /a 20
[15/09/2014 08:34:35] /a 20
[15/09/2014 08:34:35] /a 20
[15/09/2014 08:34:35] /a 20
[15/09/2014 08:34:36] /a 20
[15/09/2014 08:34:37] /a 20
[15/09/2014 08:34:37] /a 20
[15/09/2014 08:34:39] /a 20
[15/09/2014 08:34:40] /a 20
[15/09/2014 08:34:42] /a 10
[15/09/2014 08:34:45] /a 20
[15/09/2014 21:41:58] /addskill Areaia,level,300
[15/09/2014 21:41:58] /addskill Areaia,level,300
[15/09/2014 21:42:04] /addskill Areaia,level,300
[15/09/2014 21:50:53] /t
[16/09/2014 06:27:55] /addskill Black,level,700
[16/09/2014 06:28:06] /addskill Black,magic,30
[16/09/2014 06:28:09] /addskill Black,magic,30
[16/09/2014 06:28:12] /addskill Black,magic,30
[16/09/2014 06:28:14] /addskill Black,magic,30
[16/09/2014 06:28:17] /addskill Black,magic,30
[16/09/2014 06:28:22] /addskill Black,magic,30
[16/09/2014 06:28:24] /addskill Black,magic,30
[16/09/2014 06:28:26] /addskill Black,magic,30
[16/09/2014 06:28:29] /addskill Black,magic,30
[16/09/2014 06:28:31] /addskill Black,magic,30
[16/09/2014 06:28:33] /addskill Black,magic,30
[16/09/2014 06:30:05] /goto Balsdo
[16/09/2014 06:30:15] /attr group 6
[16/09/2014 19:49:36] /i kurama chakra coat
[16/09/2014 19:49:42] /i kurama chakra legs
[16/09/2014 19:49:45] /i kurama chakra boots
[16/09/2014 19:49:48] /i rinnegan mask
[16/09/2014 19:51:58] /reload spells
[16/09/2014 19:52:17] /reload spells
[16/09/2014 19:52:57] /reload spells
[16/09/2014 19:53:10] /reload spells
[16/09/2014 19:53:46] /reload spells
[16/09/2014 20:21:46] /addskill Dyabolyc,level,700
[16/09/2014 20:21:57] /addskill Ednaldo God,level,700
[16/09/2014 20:22:07] /addskill Dyabolyc,magic,30
[16/09/2014 20:22:09] /addskill Dyabolyc,magic,30
[16/09/2014 20:22:10] /addskill Dyabolyc,magic,30
[16/09/2014 20:22:11] /addskill Dyabolyc,magic,30
[16/09/2014 20:22:14] /addskill Dyabolyc,magic,30
[16/09/2014 20:22:15] /addskill Dyabolyc,magic,30
[16/09/2014 20:22:16] /addskill Dyabolyc,magic,30
[16/09/2014 20:22:17] /addskill Dyabolyc,magic,30
[16/09/2014 20:22:19] /info Dyabolyc
[16/09/2014 20:22:24] /addskill Dyabolyc,magic,30
[16/09/2014 20:22:25] /addskill Dyabolyc,magic,30
[16/09/2014 20:22:26] /addskill Dyabolyc,magic,30
[16/09/2014 20:22:27] /addskill Dyabolyc,magic,30
[16/09/2014 20:22:29] /addskill Dyabolyc,magic,30
[16/09/2014 20:22:31] /info Dyabolyc
[16/09/2014 20:22:48] /addskill Ednaldo God,magic,30
[16/09/2014 20:22:50] /addskill Ednaldo God,magic,30
[16/09/2014 20:22:51] /addskill Ednaldo God,magic,30
[16/09/2014 20:22:52] /addskill Ednaldo God,magic,30
[16/09/2014 20:22:54] /addskill Ednaldo God,magic,30
[16/09/2014 20:22:55] /addskill Ednaldo God,magic,30
[16/09/2014 20:22:56] /addskill Ednaldo God,magic,30
[16/09/2014 20:22:59] /info Ednaldo God
[16/09/2014 20:23:02] /addskill Ednaldo God,magic,30
[16/09/2014 20:23:03] /addskill Ednaldo God,magic,30
[16/09/2014 20:23:04] /addskill Ednaldo God,magic,30
[16/09/2014 20:23:07] /info Ednaldo God
[16/09/2014 20:23:08] /addskill Ednaldo God,magic,30
[16/09/2014 20:23:10] /addskill Ednaldo God,magic,30
[16/09/2014 20:23:11] /addskill Ednaldo God,magic,30
[16/09/2014 20:23:13] /info Ednaldo God
[16/09/2014 20:23:36] /i madara armor
[16/09/2014 20:23:40] /i madara armor
[16/09/2014 20:23:46] /i madara legs
[16/09/2014 20:23:51] /i madara legs
[16/09/2014 20:23:57] /i akatsuki boots
[16/09/2014 20:23:58] /i akatsuki boots
[16/09/2014 20:23:58] /i akatsuki boots
[16/09/2014 20:24:01] /i akatsuki sandals
[16/09/2014 20:24:02] /i akatsuki sandals
[16/09/2014 20:24:02] /i akatsuki sandals
[16/09/2014 20:24:13] /i 11470
[16/09/2014 20:24:17] /i 11470
[16/09/2014 20:24:33] /i rinnegan mask
[16/09/2014 20:24:33] /i rinnegan mask
[16/09/2014 20:24:34] /i rinnegan mask
[16/09/2014 20:24:43] /i madara armor
[16/09/2014 20:24:45] /i madara legs
[16/09/2014 20:25:00] /c Black
[16/09/2014 20:30:22] /info Ednaldo God
[16/09/2014 20:33:13] /save
[16/09/2014 20:36:42] /m itachi
[16/09/2014 20:37:29] /reload config
[16/09/2014 20:37:31] /m itachi
[16/09/2014 20:38:46] /reload config
[16/09/2014 20:38:48] /m itachi
[16/09/2014 20:39:17] /r
[16/09/2014 20:39:20] /m madara
[16/09/2014 20:39:20] /m madara
[16/09/2014 20:39:21] /m madara
[16/09/2014 20:39:21] /m madara
[16/09/2014 20:39:21] /m madara
[16/09/2014 20:39:21] /m madara
[16/09/2014 20:39:22] /m madara/m madara
[16/09/2014 20:39:24] /m madara
[16/09/2014 20:39:24] /m madara
[16/09/2014 20:39:24] /m madara
[16/09/2014 20:39:24] /m madara
[16/09/2014 20:39:25] /m madara
[16/09/2014 20:39:35] /r
[16/09/2014 20:39:36] /r
[16/09/2014 20:39:36] /r
[16/09/2014 20:39:37] /r
[16/09/2014 20:39:38] /r
[16/09/2014 20:39:39] /r
[16/09/2014 20:39:40] /r
[16/09/2014 20:39:41] /r
[16/09/2014 20:39:42] /r
[16/09/2014 20:39:46] /r
[16/09/2014 20:39:46] /r
[16/09/2014 20:39:47] /r
[16/09/2014 20:39:48] /r
[16/09/2014 20:47:22] /m false zetsu
[16/09/2014 20:47:28] /m false zetsu
[16/09/2014 20:47:47] /m madara
[17/09/2014 10:27:32] /t
[17/09/2014 10:30:03] /addskill Beeny,level,700
[17/09/2014 10:30:11] /addskill Beeny,magic,100
[17/09/2014 10:30:32] /info Beeny
[17/09/2014 10:30:39] /addskill Beeny,magic,30
[17/09/2014 10:30:40] /addskill Beeny,magic,30
[17/09/2014 10:30:41] /addskill Beeny,magic,30
[17/09/2014 10:30:44] /addskill Beeny,magic,30
[17/09/2014 10:30:45] /addskill Beeny,magic,30
[17/09/2014 10:30:58] /info Beeny
[17/09/2014 10:31:07] /i madara armor
[17/09/2014 10:31:14] /i madara legs
[17/09/2014 10:31:17] /i akatsuki sandals
[17/09/2014 10:31:21] /i rinnegan mask
[17/09/2014 10:32:46] /c Beeny
[17/09/2014 10:35:08] /goto beeny
[17/09/2014 10:35:11] /i 11470
[17/09/2014 10:36:16] /r
[17/09/2014 10:36:50] /r
[17/09/2014 10:36:53] /r
[17/09/2014 10:37:08] /addskill Kabutops,level,500
[17/09/2014 10:37:09] /addskill Kabutops,level,200
[17/09/2014 10:37:20] /addskill Kabutops,magic,160
[17/09/2014 10:39:38] /c Beeny
[17/09/2014 10:41:35] /reload spells
[17/09/2014 10:41:37] /c Beeny
[17/09/2014 10:43:25] /c beeny
[17/09/2014 10:44:08] /reload spells
[17/09/2014 10:44:11] /c beeny
[17/09/2014 10:44:50] /reload spells
[17/09/2014 10:44:56] /c beeny
[17/09/2014 13:04:30] /goto Himaru
[17/09/2014 13:04:35] /goto Hamahiru
[17/09/2014 13:04:44] /addskill Hamahiru,level,700
[17/09/2014 13:05:00] /addskill Hamahiru,level,700
[17/09/2014 13:06:55] /addskill Sama,level,700
[17/09/2014 13:07:01] /addskill Sama,magic,170
[17/09/2014 13:07:46] /i 11470
[17/09/2014 13:16:13] /reload actions
[17/09/2014 13:22:19] /goto madara
[17/09/2014 13:22:21] /c Black
[17/09/2014 13:23:18] /m madara
[17/09/2014 13:23:19] /m madara
[17/09/2014 13:23:21] /m madara
[17/09/2014 13:23:37] /c Sam
[17/09/2014 13:23:38] /c Sama
[17/09/2014 13:23:42] /c sama
[17/09/2014 13:23:46] /c Black
[17/09/2014 13:23:50] /c Black
[17/09/2014 13:23:58] /c Black
[17/09/2014 13:26:32] /goto black
[17/09/2014 13:26:48] /i katon element
[17/09/2014 13:26:52] /i suiton element
[17/09/2014 13:26:55] /i doton element
[17/09/2014 13:27:00] /i fuuton element
[17/09/2014 13:27:05] /i raiton element
[17/09/2014 13:28:02] /r
[17/09/2014 13:28:12] /goto 
[17/09/2014 13:32:32] /addskill Eroo,level,700
[17/09/2014 13:32:38] /addskill Eroo,magic,170
[17/09/2014 13:36:41] /c sama
[17/09/2014 13:36:48] /c eroo
[17/09/2014 13:36:48] /c eroo
[17/09/2014 13:36:49] /c eroo
[17/09/2014 13:36:49] /c eroo
[17/09/2014 13:36:49] /c eroo
[17/09/2014 13:36:50] /c eroo
[17/09/2014 13:36:50] /c eroo
[17/09/2014 13:36:50] /c eroo
[17/09/2014 13:36:51] /c eroo
[17/09/2014 13:56:09] /reload monsters
[17/09/2014 13:57:04] /reload monsters
[17/09/2014 13:57:06] /reload spells
[17/09/2014 13:58:04] /reload monsters
[17/09/2014 13:58:49] /reload monsters
[17/09/2014 14:00:03] /reload monsters
[17/09/2014 14:35:06] /m training monk
[19/09/2014 17:37:20] /n Tobi
[19/09/2014 17:37:37] /i morgaroth's heart
[19/09/2014 17:37:38] /i morgaroth's heart
[19/09/2014 17:37:47] /i akatsuki bag
[19/09/2014 17:37:57] /r
[19/09/2014 17:38:00] /i red backpack
[19/09/2014 17:38:02] /i morgaroth's heart
[19/09/2014 17:38:03] /i morgaroth's heart
[19/09/2014 17:38:03] /i morgaroth's heart
[19/09/2014 17:38:03] /i morgaroth's heart
[19/09/2014 17:38:04] /i morgaroth's heart
[19/09/2014 17:38:04] /i morgaroth's heart
[19/09/2014 17:38:04] /i morgaroth's heart
[19/09/2014 17:38:05] /i morgaroth's heart
[19/09/2014 17:38:09] /i morgaroth's heart
[19/09/2014 17:38:09] /i morgaroth's heart
[19/09/2014 17:38:10] /i morgaroth's heart
[19/09/2014 17:38:10] /i morgaroth's heart
[19/09/2014 17:38:10] /i morgaroth's heart
[19/09/2014 17:38:10] /i morgaroth's heart
[19/09/2014 17:38:11] /i morgaroth's heart
[19/09/2014 17:38:11] /i morgaroth's heart
[19/09/2014 17:38:14] /i red backpack
[19/09/2014 17:38:17] /i red backpack
[19/09/2014 17:38:18] /i morgaroth's heart
[19/09/2014 17:38:18] /i morgaroth's heart
[19/09/2014 17:38:18] /i morgaroth's heart
[19/09/2014 17:38:18] /i morgaroth's heart
[19/09/2014 17:38:19] /i morgaroth's heart
[19/09/2014 17:38:19] /i morgaroth's heart
[19/09/2014 17:38:19] /i morgaroth's heart
[19/09/2014 17:38:20] /i morgaroth's heart
[19/09/2014 17:38:20] /i morgaroth's heart
[19/09/2014 17:38:20] /i morgaroth's heart
[19/09/2014 17:38:21] /i morgaroth's heart
[19/09/2014 17:38:21] /i morgaroth's heart
[19/09/2014 17:38:21] /i morgaroth's heart
[19/09/2014 17:38:21] /i morgaroth's heart
[19/09/2014 17:38:22] /i morgaroth's heart
[19/09/2014 17:38:22] /i morgaroth's heart
[19/09/2014 17:38:22] /i morgaroth's heart
[19/09/2014 17:38:23] /i morgaroth's heart
[19/09/2014 17:38:23] /i morgaroth's heart
[19/09/2014 17:38:23] /i morgaroth's heart
[19/09/2014 17:38:23] /i morgaroth's heart
[19/09/2014 17:38:24] /i morgaroth's heart
[19/09/2014 17:38:24] /i morgaroth's heart
[19/09/2014 17:38:24] /i morgaroth's heart
[19/09/2014 17:38:25] /i morgaroth's heart
[19/09/2014 17:38:33] /i morgaroth's heart
[19/09/2014 17:38:33] /i morgaroth's heart
[19/09/2014 17:38:34] /i morgaroth's heart
[19/09/2014 17:38:34] /i morgaroth's heart
[19/09/2014 17:38:34] /i morgaroth's heart
[19/09/2014 17:38:35] /i morgaroth's heart
[19/09/2014 17:38:35] /i morgaroth's heart
[19/09/2014 17:38:35] /i morgaroth's heart
[19/09/2014 17:38:36] /i morgaroth's heart
[19/09/2014 17:38:36] /i morgaroth's heart
[19/09/2014 17:38:37] /i morgaroth's heart
[19/09/2014 17:38:37] /i morgaroth's heart
[19/09/2014 17:38:37] /i morgaroth's heart
[19/09/2014 17:38:38] /i morgaroth's heart
[19/09/2014 17:38:38] /i morgaroth's heart
[19/09/2014 17:38:38] /i morgaroth's heart
[19/09/2014 17:38:39] /i morgaroth's heart
[19/09/2014 17:38:39] /i morgaroth's heart
[19/09/2014 17:38:39] /i morgaroth's heart
[19/09/2014 17:38:40] /i morgaroth's heart
[19/09/2014 17:38:55] /i red backpack
[19/09/2014 17:38:55] /i morgaroth's heart
[19/09/2014 17:38:56] /i morgaroth's heart
[19/09/2014 17:38:56] /i morgaroth's heart
[19/09/2014 17:38:56] /i morgaroth's heart
[19/09/2014 17:38:57] /i morgaroth's heart
[19/09/2014 17:38:57] /i morgaroth's heart
[19/09/2014 17:38:58] /i morgaroth's heart
[19/09/2014 17:38:58] /i morgaroth's heart
[19/09/2014 17:38:58] /i morgaroth's heart
[19/09/2014 17:38:58] /i morgaroth's heart
[19/09/2014 17:38:59] /i morgaroth's heart
[19/09/2014 17:38:59] /i morgaroth's heart
[19/09/2014 17:39:00] /i morgaroth's heart
[19/09/2014 17:39:00] /i morgaroth's heart
[19/09/2014 17:39:00] /i morgaroth's heart
[19/09/2014 17:39:01] /i morgaroth's heart
[19/09/2014 17:39:01] /i morgaroth's heart
[19/09/2014 17:39:01] /i morgaroth's heart
[19/09/2014 17:39:01] /i morgaroth's heart
[19/09/2014 17:39:02] /i morgaroth's heart
[19/09/2014 17:39:02] /i morgaroth's heart
[19/09/2014 17:39:02] /i morgaroth's heart
[19/09/2014 17:39:06] /i backpack
[19/09/2014 17:39:15] /i morgaroth's heart]/i morgaroth's heart
[19/09/2014 17:39:16] /i morgaroth's heart
[19/09/2014 17:39:16] /i morgaroth's heart
[19/09/2014 17:39:16] /i morgaroth's heart
[19/09/2014 17:39:16] /i morgaroth's heart
[19/09/2014 17:39:17] /i morgaroth's heart
[19/09/2014 17:39:17] /i morgaroth's heart
[19/09/2014 17:39:17] /i morgaroth's heart
[19/09/2014 17:39:18] /i morgaroth's heart
[19/09/2014 17:39:18] /i morgaroth's heart
[19/09/2014 17:39:18] /i morgaroth's heart
[19/09/2014 17:39:19] /i morgaroth's heart
[19/09/2014 17:39:19] /i morgaroth's heart
[19/09/2014 17:39:19] /i morgaroth's heart
[19/09/2014 17:39:20] /i morgaroth's heart
[19/09/2014 17:39:20] /i morgaroth's heart
[19/09/2014 17:39:20] /i morgaroth's heart
[19/09/2014 17:39:20] /i morgaroth's heart
[19/09/2014 17:39:21] /i morgaroth's heart
[19/09/2014 17:39:21] /i morgaroth's heart
[19/09/2014 17:39:21] /i morgaroth's heart
[19/09/2014 17:39:22] /i morgaroth's heart
[19/09/2014 17:39:22] /i morgaroth's heart
[19/09/2014 17:39:22] /i morgaroth's heart
[19/09/2014 17:41:09] /reload talkactions
[19/09/2014 17:42:52] /reload talkactions
[19/09/2014 17:42:55] !eventopvp
[19/09/2014 17:43:06] !eventoquiz
[19/09/2014 17:43:48] /reload talkactions
[19/09/2014 17:43:52] !eventoquiz
[19/09/2014 17:43:55] !eventobag
[19/09/2014 17:44:03] !eventopvp
[21/09/2014 14:19:48] /attr vocation 375
[21/09/2014 14:22:31] /m training monk
[21/09/2014 14:34:39] /reload seplls
[21/09/2014 14:34:42] /reload spells
[21/09/2014 14:34:57] /attr vocation 390
[21/09/2014 14:35:01] /attr vocation 380
[21/09/2014 14:35:04] /attr vocation 389
[21/09/2014 14:35:07] /attr vocation 390
[21/09/2014 15:06:21] /t
[21/09/2014 15:06:26] /t
[21/09/2014 15:06:31] /r
[21/09/2014 15:06:32] /r
[21/09/2014 15:07:12] /i bed
[21/09/2014 15:10:17] /i 11140
[21/09/2014 15:10:21] /i  1130
[21/09/2014 15:10:32] /i 7440
[21/09/2014 15:10:33] /i 7441
[21/09/2014 15:10:39] /i 7444
[21/09/2014 15:10:40] /i 7445
[21/09/2014 15:10:41] /i 744
[21/09/2014 15:10:41] /i 744
[21/09/2014 15:10:42] /i 7441
[21/09/2014 15:10:43] /i 7442
[21/09/2014 15:10:44] /i 7440
[21/09/2014 15:10:47] /i 7439
[21/09/2014 15:10:48] /i 7438
[21/09/2014 15:10:48] /i 7437
[21/09/2014 15:10:49] /i 7436
[21/09/2014 15:10:49] /i 743
[21/09/2014 15:10:49] /i 7432
[21/09/2014 15:10:50] /i 743
[21/09/2014 15:11:00] /i 7433[
[21/09/2014 15:11:01] /i 7432
[21/09/2014 15:11:05] /i 7438
[21/09/2014 15:11:06] /i 7439
[21/09/2014 15:11:29] /reload actions
[21/09/2014 15:12:04] /reload actions
[21/09/2014 15:12:18] /reload actions
[21/09/2014 15:12:32] /i 7439
[21/09/2014 15:13:27] /reload actions
[21/09/2014 15:13:53] /reload action
[21/09/2014 15:14:07] /i 7439
[21/09/2014 15:15:39] /i health potion
[21/09/2014 15:15:46] /i 7617
[21/09/2014 15:15:46] /i 7616
[21/09/2014 15:15:48] /i 768
[21/09/2014 15:15:49] /i 769
[21/09/2014 15:15:51] /i 7618
[21/09/2014 15:15:52] /i 7619
[21/09/2014 15:15:55] /i 7620
[21/09/2014 15:15:56] /i 7621
[21/09/2014 15:15:56] /i 7622
[21/09/2014 15:15:58] /i 7623
[21/09/2014 15:15:58] /i 7624
[21/09/2014 15:16:00] /i 7625
[21/09/2014 15:16:01] /i 7626
[21/09/2014 15:16:02] /i 7630
[21/09/2014 15:16:04] /i 7634
[21/09/2014 15:16:05] /i 7636
[21/09/2014 15:16:07] /i 7639
[21/09/2014 15:16:08] /i 7638
[21/09/2014 15:16:13] /i 7640
[21/09/2014 15:16:14] /i 7641
[21/09/2014 15:16:14] /i 7642
[21/09/2014 15:16:15] /i 7643
[21/09/2014 15:16:16] /i 7648
[21/09/2014 15:16:16] /i 7649
[21/09/2014 15:16:19] /i 7740
[21/09/2014 15:16:20] /i 7741
[21/09/2014 15:16:21] /i 7745
[21/09/2014 15:16:21] /i 7746
[21/09/2014 15:17:43] /i 3941
[21/09/2014 15:17:43] /i 3940
[21/09/2014 15:18:03] /i 7443
[21/09/2014 15:18:04] /i 7744
[21/09/2014 15:18:06] /i 7745
[21/09/2014 15:18:20] /i 8474
[21/09/2014 15:18:52] /i 7740
[21/09/2014 15:19:00] /i 7740
[21/09/2014 15:19:11] /i 7441
[21/09/2014 15:19:13] /i 7441
[21/09/2014 15:19:20] /r
[21/09/2014 15:19:21] /i 7441
[21/09/2014 15:19:22] /i 7440
[21/09/2014 15:19:23] /i 7442
[21/09/2014 15:19:27] /i 7439
[21/09/2014 15:19:28] /i 7438
[21/09/2014 15:56:51] /reload npcs
[21/09/2014 15:56:54] /n staminer
[21/09/2014 15:57:10] /i 2160
[21/09/2014 15:57:49] /reload npcs
[21/09/2014 16:06:07] /n staminer
[21/09/2014 16:06:15] /i backpack
[21/09/2014 18:51:37] /goto Kaputops
[21/09/2014 18:51:56] /attr vocation 405
[21/09/2014 18:57:44] /reload spells
[21/09/2014 18:57:50] /m training monk
[21/09/2014 18:59:02] /reload spells
[21/09/2014 18:59:54] /reload spells
[21/09/2014 19:02:04] /reload spells
[21/09/2014 19:06:11] /i akatsuki ring
[21/09/2014 19:10:29] /reload spells
[22/09/2014 17:33:35] /reload spells
[22/09/2014 17:35:32] /reload spells
[23/09/2014 17:42:28] /reload creaturescripts
[23/09/2014 17:42:43] /reload creaturescripts
[23/09/2014 17:42:55] /reload creaturescripts
[23/09/2014 17:43:03] /reload creautrescripts
[23/09/2014 17:43:07] /reload creaturescripts
[23/09/2014 17:44:37] /reload creaturescripts
